<?xml version="1.0" encoding="UTF-8"?>
<testng-results ignored="0" total="1" passed="1" failed="0" skipped="0">
  <reporter-output>
  </reporter-output>
  <suite started-at="2021-09-16T16:44:44 IST" name="Default suite" finished-at="2021-09-16T16:44:56 IST" duration-ms="11215">
    <groups>
    </groups>
    <test started-at="2021-09-16T16:44:44 IST" name="Default test" finished-at="2021-09-16T16:44:56 IST" duration-ms="11215">
      <class name="Autoproject.navigation">
        <test-method signature="homepagenavigate(java.lang.String,java.lang.String,java.lang.String)[pri:0, instance:Autoproject.navigation@2145b572]" started-at="2021-09-16T16:44:44 IST" name="homepagenavigate" data-provider="getData" finished-at="2021-09-16T16:44:56 IST" duration-ms="11128" status="PASS">
          <params>
            <param index="0">
              <value>
                <![CDATA[abhishek@yopmail.com]]>
              </value>
            </param>
            <param index="1">
              <value>
                <![CDATA[@1Abhi1991]]>
              </value>
            </param>
            <param index="2">
              <value>
                <![CDATA[Valid user]]>
              </value>
            </param>
          </params>
          <reporter-output>
          </reporter-output>
        </test-method> <!-- homepagenavigate -->
      </class> <!-- Autoproject.navigation -->
    </test> <!-- Default test -->
  </suite> <!-- Default suite -->
</testng-results>
