<?xml version="1.0" encoding="UTF-8"?>
<testng-results ignored="0" total="1" passed="1" failed="0" skipped="0">
  <reporter-output>
  </reporter-output>
  <suite started-at="2021-09-30T12:11:59 IST" name="Default suite" finished-at="2021-09-30T12:12:11 IST" duration-ms="11594">
    <groups>
    </groups>
    <test started-at="2021-09-30T12:11:59 IST" name="Default test" finished-at="2021-09-30T12:12:11 IST" duration-ms="11594">
      <class name="Autoproject.signup">
        <test-method is-config="true" signature="initiateurl()[pri:0, instance:Autoproject.signup@3023df74]" started-at="2021-09-30T12:11:59 IST" name="initiateurl" finished-at="2021-09-30T12:12:09 IST" duration-ms="9353" status="PASS">
          <reporter-output>
          </reporter-output>
        </test-method> <!-- initiateurl -->
        <test-method signature="signup()[pri:0, instance:Autoproject.signup@3023df74]" started-at="2021-09-30T12:12:09 IST" name="signup" finished-at="2021-09-30T12:12:11 IST" duration-ms="2181" status="PASS">
          <reporter-output>
          </reporter-output>
        </test-method> <!-- signup -->
        <test-method is-config="true" signature="closebrowser()[pri:0, instance:Autoproject.signup@3023df74]" started-at="2021-09-30T12:12:11 IST" name="closebrowser" finished-at="2021-09-30T12:12:11 IST" duration-ms="0" status="PASS">
          <reporter-output>
          </reporter-output>
        </test-method> <!-- closebrowser -->
      </class> <!-- Autoproject.signup -->
    </test> <!-- Default test -->
  </suite> <!-- Default suite -->
</testng-results>
